<?xml version="1.0" encoding="UTF-8"?>
<!-- Generated by org.testng.reporters.JUnitReportReporter -->
<testsuite skipped="0" hostname="DESKTOP-T1TKO85" name="com.hyr.test.FirstTest" tests="2" failures="0" timestamp="2022-05-20T12:02:37 IST" time="67.258" errors="0">
  <testcase name="testFacebook" time="13.242" classname="com.hyr.test.FirstTest"/>
  <system-out/>
  <testcase name="testGoogle" time="54.016" classname="com.hyr.test.FirstTest"/>
  <system-out/>
</testsuite> <!-- com.hyr.test.FirstTest -->
