<?xml version="1.0" encoding="UTF-8"?>
<!-- Generated by org.testng.reporters.JUnitReportReporter -->
<testsuite skipped="0" hostname="DESKTOP-T1TKO85" name="com.hyr.test.OrangeHRM" tests="7" failures="0" timestamp="2022-05-19T23:36:09 IST" time="84.257" errors="0">
  <testcase name="enterLoginDetails" time="7.360" classname="com.hyr.test.OrangeHRM"/>
  <system-out/>
  <testcase name="launchApp" time="33.772" classname="com.hyr.test.OrangeHRM"/>
  <system-out/>
  <testcase name="enterLoginDetails" time="11.063" classname="com.hyr.test.OrangeHRM"/>
  <system-out/>
  <testcase name="verifyLogin" time="6.365" classname="com.hyr.test.OrangeHRM"/>
  <system-out/>
  <testcase name="launchApp" time="22.017" classname="com.hyr.test.OrangeHRM"/>
  <system-out/>
  <testcase name="verifyMyInfo" time="1.409" classname="com.hyr.test.OrangeHRM"/>
  <system-out/>
  <testcase name="navigateToMyInfo" time="2.271" classname="com.hyr.test.OrangeHRM"/>
  <system-out/>
</testsuite> <!-- com.hyr.test.OrangeHRM -->
